=== YOLO SESSION START: 2026-02-15 ===
Previous gates saved. All gates disabled.

[2026-02-15] WORKFLOW=add-phase DECISION=SCOPE_DECISION
  Context: User requested TUI status dashboard commands as a new GRD phase
  Options: (1) Single command grd:roadmap-status only, (2) Three complementary commands (dashboard + phase-detail + health), (3) Five+ commands with timeline/gantt/metrics
  Chosen: (2) Three complementary commands
  Rationale: dashboard covers the main ask (roadmap overview), phase-detail provides drill-down, health adds actionable project health monitoring. Three commands is the right granularity — enough for full visibility without feature bloat.
  Confidence: HIGH

[2026-02-15] WORKFLOW=add-phase DECISION=APPROACH_SELECT
  Context: Where to place the new phase in the roadmap
  Options: (1) Add as Phase 8 in Milestone 4 (Polish), (2) Create new Milestone 5 for DX, (3) Insert between existing phases
  Chosen: (1) Phase 8 in Milestone 4
  Rationale: Status dashboard commands are user-facing polish features. M4 is "Polish and Release" which is the natural home. No need for a separate milestone for 3 commands.
  Confidence: HIGH

[2026-02-15] WORKFLOW=add-phase DECISION=APPROACH_SELECT
  Context: Command naming for the main dashboard command
  Options: (1) grd:roadmap-status (user suggested), (2) grd:dashboard, (3) grd:overview
  Chosen: (2) grd:dashboard — plus grd:phase-detail and grd:health
  Rationale: "dashboard" is more concise and conventional for a TUI overview. roadmap-status implies only roadmap data, but the command will show metrics, blockers, decisions too.
  Confidence: MEDIUM
