[2026-02-22T10:08:14.061Z] Starting autopilot: 4 phase(s) in 1 wave(s)
[2026-02-22T10:08:14.063Z] Wave 1/1: phases [54, 55, 56, 57]
[2026-02-22T10:08:14.063Z] Phase 54: planning...
[2026-02-22T10:08:14.069Z] Phase 55: planning...
[2026-02-22T10:08:14.072Z] Phase 56: planning...
[2026-02-22T10:08:14.076Z] Phase 57: planning...
[2026-02-22T10:22:05.027Z] Phase 54: plan verification failed (no PLAN.md found) — skipping
[2026-02-22T10:33:00.656Z] Phase 55: plan completed
[2026-02-22T10:33:00.657Z] Phase 56: plan completed
[2026-02-22T10:33:00.657Z] Phase 57: plan completed
[2026-02-22T10:33:00.657Z] Phase 54: skipping execution (planning failed)
[2026-02-22T10:33:00.657Z] Phase 55: executing...
[2026-02-22T11:03:00.585Z] Phase 55: execute FAILED (timeout)
[2026-02-22T11:03:00.585Z] Done: 2/4 phases completed (stopped: Phase 55 execute failed: timeout)
[2026-02-22T11:03:11.811Z] Starting autopilot: 4 phase(s) in 1 wave(s)
[2026-02-22T11:03:11.812Z] Wave 1/1: phases [54, 55, 56, 57]
[2026-02-22T11:03:11.812Z] Phase 54: planning...
[2026-02-22T11:03:11.822Z] Phase 55: planning...
[2026-02-22T11:03:11.836Z] Phase 56: planning...
[2026-02-22T11:03:11.855Z] Phase 57: planning...
[2026-03-01T16:22:08.726Z] Starting autopilot: 8 phase(s) in 8 wave(s)
[2026-03-01T16:22:08.727Z] Wave 1/8: phases [58]
[2026-03-01T16:22:08.727Z] Phase 58: planning...
[2026-03-01T16:38:56.810Z] Phase 58: plan completed
[2026-03-01T16:38:56.811Z] Phase 58: executing...
[2026-03-02T04:20:54.088Z] Phase 65: execute completed
[2026-03-02T04:20:54.088Z] Done: 8/8 phases completed
[2026-03-02T15:16:52.920Z] Starting autopilot: 1 phase(s) in 1 wave(s)
[2026-03-02T15:16:52.921Z] Wave 1/1: phases [66]
[2026-03-02T15:16:52.921Z] Phase 66: planning...
[2026-03-02T15:29:05.377Z] Starting autopilot: 9 phase(s) in 9 wave(s)
[2026-03-02T15:29:05.378Z] Wave 1/9: phases [58]
[2026-03-02T15:29:05.378Z] Wave 2/9: phases [59]
[2026-03-02T15:29:05.378Z] Wave 3/9: phases [60]
[2026-03-02T15:29:05.378Z] Wave 4/9: phases [61]
[2026-03-02T15:29:05.378Z] Wave 5/9: phases [62]
[2026-03-02T15:29:05.378Z] Wave 6/9: phases [63]
[2026-03-02T15:29:05.378Z] Wave 7/9: phases [64]
[2026-03-02T15:29:05.378Z] Wave 8/9: phases [65]
[2026-03-02T15:29:05.378Z] Wave 9/9: phases [66]
[2026-03-02T15:29:05.378Z] Done: 9/9 phases completed
[2026-03-02T15:32:18.090Z] Phase 66: plan completed
[2026-03-02T15:32:18.090Z] Phase 66: executing...
[2026-03-02T16:02:34.539Z] [multi-milestone] Starting multi-milestone autopilot (max: 10, dryRun: true)
[2026-03-02T16:02:34.541Z] [multi-milestone] Milestone 1/10: v0.3.0 (TypeScript Migration & Refactoring - Phases 58-65)
[2026-03-02T16:02:34.544Z] [multi-milestone] v0.3.0: all phases already complete
[2026-03-02T16:02:34.545Z] [multi-milestone] v0.3.0: milestone complete
[2026-03-02T16:02:34.545Z] [multi-milestone] v0.3.0: [dry-run] would complete milestone
[2026-03-02T16:02:34.546Z] [multi-milestone] Next milestone: v0.3.0 (Advanced Workflows)
[2026-03-02T16:02:34.546Z] [multi-milestone] [dry-run] Would create new milestone: v0.3.0
[2026-03-02T16:02:34.546Z] [multi-milestone] Milestone 2/10: v0.3.0 (TypeScript Migration & Refactoring - Phases 58-65)
[2026-03-02T16:02:34.547Z] [multi-milestone] v0.3.0: all phases already complete
[2026-03-02T16:02:34.547Z] [multi-milestone] v0.3.0: milestone complete
[2026-03-02T16:02:34.547Z] [multi-milestone] v0.3.0: [dry-run] would complete milestone
[2026-03-02T16:02:34.547Z] [multi-milestone] Next milestone: v0.3.0 (Advanced Workflows)
[2026-03-02T16:02:34.547Z] [multi-milestone] [dry-run] Would create new milestone: v0.3.0
[2026-03-02T16:02:34.547Z] [multi-milestone] Milestone 3/10: v0.3.0 (TypeScript Migration & Refactoring - Phases 58-65)
[2026-03-02T16:02:34.548Z] [multi-milestone] v0.3.0: all phases already complete
[2026-03-02T16:02:34.548Z] [multi-milestone] v0.3.0: milestone complete
[2026-03-02T16:02:34.548Z] [multi-milestone] v0.3.0: [dry-run] would complete milestone
[2026-03-02T16:02:34.549Z] [multi-milestone] Next milestone: v0.3.0 (Advanced Workflows)
[2026-03-02T16:02:34.549Z] [multi-milestone] [dry-run] Would create new milestone: v0.3.0
[2026-03-02T16:02:34.549Z] [multi-milestone] Milestone 4/10: v0.3.0 (TypeScript Migration & Refactoring - Phases 58-65)
[2026-03-02T16:02:34.549Z] [multi-milestone] v0.3.0: all phases already complete
[2026-03-02T16:02:34.550Z] [multi-milestone] v0.3.0: milestone complete
[2026-03-02T16:02:34.550Z] [multi-milestone] v0.3.0: [dry-run] would complete milestone
[2026-03-02T16:02:34.550Z] [multi-milestone] Next milestone: v0.3.0 (Advanced Workflows)
[2026-03-02T16:02:34.550Z] [multi-milestone] [dry-run] Would create new milestone: v0.3.0
[2026-03-02T16:02:34.550Z] [multi-milestone] Milestone 5/10: v0.3.0 (TypeScript Migration & Refactoring - Phases 58-65)
[2026-03-02T16:02:34.551Z] [multi-milestone] v0.3.0: all phases already complete
[2026-03-02T16:02:34.551Z] [multi-milestone] v0.3.0: milestone complete
[2026-03-02T16:02:34.551Z] [multi-milestone] v0.3.0: [dry-run] would complete milestone
[2026-03-02T16:02:34.551Z] [multi-milestone] Next milestone: v0.3.0 (Advanced Workflows)
[2026-03-02T16:02:34.551Z] [multi-milestone] [dry-run] Would create new milestone: v0.3.0
[2026-03-02T16:02:34.552Z] [multi-milestone] Milestone 6/10: v0.3.0 (TypeScript Migration & Refactoring - Phases 58-65)
[2026-03-02T16:02:34.552Z] [multi-milestone] v0.3.0: all phases already complete
[2026-03-02T16:02:34.553Z] [multi-milestone] v0.3.0: milestone complete
[2026-03-02T16:02:34.553Z] [multi-milestone] v0.3.0: [dry-run] would complete milestone
[2026-03-02T16:02:34.553Z] [multi-milestone] Next milestone: v0.3.0 (Advanced Workflows)
[2026-03-02T16:02:34.553Z] [multi-milestone] [dry-run] Would create new milestone: v0.3.0
[2026-03-02T16:02:34.553Z] [multi-milestone] Milestone 7/10: v0.3.0 (TypeScript Migration & Refactoring - Phases 58-65)
[2026-03-02T16:02:34.553Z] [multi-milestone] v0.3.0: all phases already complete
[2026-03-02T16:02:34.554Z] [multi-milestone] v0.3.0: milestone complete
[2026-03-02T16:02:34.554Z] [multi-milestone] v0.3.0: [dry-run] would complete milestone
[2026-03-02T16:02:34.554Z] [multi-milestone] Next milestone: v0.3.0 (Advanced Workflows)
[2026-03-02T16:02:34.554Z] [multi-milestone] [dry-run] Would create new milestone: v0.3.0
[2026-03-02T16:02:34.554Z] [multi-milestone] Milestone 8/10: v0.3.0 (TypeScript Migration & Refactoring - Phases 58-65)
[2026-03-02T16:02:34.554Z] [multi-milestone] v0.3.0: all phases already complete
[2026-03-02T16:02:34.555Z] [multi-milestone] v0.3.0: milestone complete
[2026-03-02T16:02:34.555Z] [multi-milestone] v0.3.0: [dry-run] would complete milestone
[2026-03-02T16:02:34.555Z] [multi-milestone] Next milestone: v0.3.0 (Advanced Workflows)
[2026-03-02T16:02:34.555Z] [multi-milestone] [dry-run] Would create new milestone: v0.3.0
[2026-03-02T16:02:34.555Z] [multi-milestone] Milestone 9/10: v0.3.0 (TypeScript Migration & Refactoring - Phases 58-65)
[2026-03-02T16:02:34.556Z] [multi-milestone] v0.3.0: all phases already complete
[2026-03-02T16:02:34.556Z] [multi-milestone] v0.3.0: milestone complete
[2026-03-02T16:02:34.556Z] [multi-milestone] v0.3.0: [dry-run] would complete milestone
[2026-03-02T16:02:34.556Z] [multi-milestone] Next milestone: v0.3.0 (Advanced Workflows)
[2026-03-02T16:02:34.556Z] [multi-milestone] [dry-run] Would create new milestone: v0.3.0
[2026-03-02T16:02:34.556Z] [multi-milestone] Milestone 10/10: v0.3.0 (TypeScript Migration & Refactoring - Phases 58-65)
[2026-03-02T16:02:34.557Z] [multi-milestone] v0.3.0: all phases already complete
[2026-03-02T16:02:34.557Z] [multi-milestone] v0.3.0: milestone complete
[2026-03-02T16:02:34.557Z] [multi-milestone] v0.3.0: [dry-run] would complete milestone
[2026-03-02T16:02:34.557Z] [multi-milestone] Next milestone: v0.3.0 (Advanced Workflows)
[2026-03-02T16:02:34.557Z] [multi-milestone] [dry-run] Would create new milestone: v0.3.0
[2026-03-02T16:02:34.557Z] [multi-milestone] Reached maxMilestones cap (10)
[2026-03-02T16:02:34.557Z] [multi-milestone] Multi-milestone autopilot done: 10/10 milestones completed (stopped: Reached maxMilestones cap (10))
[2026-03-02T16:04:12.649Z] [multi-milestone] Starting multi-milestone autopilot (max: 10, dryRun: true)
[2026-03-02T16:04:12.652Z] [multi-milestone] Milestone 1/10: v0.3.0 (TypeScript Migration & Refactoring - Phases 58-65)
[2026-03-02T16:04:12.653Z] [multi-milestone] v0.3.0: all phases already complete
[2026-03-02T16:04:12.654Z] [multi-milestone] v0.3.0: milestone complete
[2026-03-02T16:04:12.654Z] [multi-milestone] v0.3.0: [dry-run] would complete milestone
[2026-03-02T16:04:12.655Z] [multi-milestone] Next milestone: v0.3.0 (Advanced Workflows)
[2026-03-02T16:04:12.655Z] [multi-milestone] [dry-run] Would create new milestone: v0.3.0
[2026-03-02T16:04:12.655Z] [multi-milestone] Milestone 2/10: v0.3.0 (TypeScript Migration & Refactoring - Phases 58-65)
[2026-03-02T16:04:12.655Z] [multi-milestone] v0.3.0: all phases already complete
[2026-03-02T16:04:12.656Z] [multi-milestone] v0.3.0: milestone complete
[2026-03-02T16:04:12.656Z] [multi-milestone] v0.3.0: [dry-run] would complete milestone
[2026-03-02T16:04:12.656Z] [multi-milestone] Next milestone: v0.3.0 (Advanced Workflows)
[2026-03-02T16:04:12.656Z] [multi-milestone] [dry-run] Would create new milestone: v0.3.0
[2026-03-02T16:04:12.656Z] [multi-milestone] Milestone 3/10: v0.3.0 (TypeScript Migration & Refactoring - Phases 58-65)
[2026-03-02T16:04:12.657Z] [multi-milestone] v0.3.0: all phases already complete
[2026-03-02T16:04:12.657Z] [multi-milestone] v0.3.0: milestone complete
[2026-03-02T16:04:12.657Z] [multi-milestone] v0.3.0: [dry-run] would complete milestone
[2026-03-02T16:04:12.657Z] [multi-milestone] Next milestone: v0.3.0 (Advanced Workflows)
[2026-03-02T16:04:12.657Z] [multi-milestone] [dry-run] Would create new milestone: v0.3.0
[2026-03-02T16:04:12.657Z] [multi-milestone] Milestone 4/10: v0.3.0 (TypeScript Migration & Refactoring - Phases 58-65)
[2026-03-02T16:04:12.658Z] [multi-milestone] v0.3.0: all phases already complete
[2026-03-02T16:04:12.658Z] [multi-milestone] v0.3.0: milestone complete
[2026-03-02T16:04:12.658Z] [multi-milestone] v0.3.0: [dry-run] would complete milestone
[2026-03-02T16:04:12.658Z] [multi-milestone] Next milestone: v0.3.0 (Advanced Workflows)
[2026-03-02T16:04:12.659Z] [multi-milestone] [dry-run] Would create new milestone: v0.3.0
[2026-03-02T16:04:12.659Z] [multi-milestone] Milestone 5/10: v0.3.0 (TypeScript Migration & Refactoring - Phases 58-65)
[2026-03-02T16:04:12.660Z] [multi-milestone] v0.3.0: all phases already complete
[2026-03-02T16:04:12.661Z] [multi-milestone] v0.3.0: milestone complete
[2026-03-02T16:04:12.661Z] [multi-milestone] v0.3.0: [dry-run] would complete milestone
[2026-03-02T16:04:12.661Z] [multi-milestone] Next milestone: v0.3.0 (Advanced Workflows)
[2026-03-02T16:04:12.661Z] [multi-milestone] [dry-run] Would create new milestone: v0.3.0
[2026-03-02T16:04:12.661Z] [multi-milestone] Milestone 6/10: v0.3.0 (TypeScript Migration & Refactoring - Phases 58-65)
[2026-03-02T16:04:12.662Z] [multi-milestone] v0.3.0: all phases already complete
[2026-03-02T16:04:12.663Z] [multi-milestone] v0.3.0: milestone complete
[2026-03-02T16:04:12.664Z] [multi-milestone] v0.3.0: [dry-run] would complete milestone
[2026-03-02T16:04:12.664Z] [multi-milestone] Next milestone: v0.3.0 (Advanced Workflows)
[2026-03-02T16:04:12.664Z] [multi-milestone] [dry-run] Would create new milestone: v0.3.0
[2026-03-02T16:04:12.664Z] [multi-milestone] Milestone 7/10: v0.3.0 (TypeScript Migration & Refactoring - Phases 58-65)
[2026-03-02T16:04:12.664Z] [multi-milestone] v0.3.0: all phases already complete
[2026-03-02T16:04:12.665Z] [multi-milestone] v0.3.0: milestone complete
[2026-03-02T16:04:12.665Z] [multi-milestone] v0.3.0: [dry-run] would complete milestone
[2026-03-02T16:04:12.665Z] [multi-milestone] Next milestone: v0.3.0 (Advanced Workflows)
[2026-03-02T16:04:12.665Z] [multi-milestone] [dry-run] Would create new milestone: v0.3.0
[2026-03-02T16:04:12.666Z] [multi-milestone] Milestone 8/10: v0.3.0 (TypeScript Migration & Refactoring - Phases 58-65)
[2026-03-02T16:04:12.666Z] [multi-milestone] v0.3.0: all phases already complete
[2026-03-02T16:04:12.667Z] [multi-milestone] v0.3.0: milestone complete
[2026-03-02T16:04:12.667Z] [multi-milestone] v0.3.0: [dry-run] would complete milestone
[2026-03-02T16:04:12.667Z] [multi-milestone] Next milestone: v0.3.0 (Advanced Workflows)
[2026-03-02T16:04:12.667Z] [multi-milestone] [dry-run] Would create new milestone: v0.3.0
[2026-03-02T16:04:12.667Z] [multi-milestone] Milestone 9/10: v0.3.0 (TypeScript Migration & Refactoring - Phases 58-65)
[2026-03-02T16:04:12.667Z] [multi-milestone] v0.3.0: all phases already complete
[2026-03-02T16:04:12.668Z] [multi-milestone] v0.3.0: milestone complete
[2026-03-02T16:04:12.668Z] [multi-milestone] v0.3.0: [dry-run] would complete milestone
[2026-03-02T16:04:12.668Z] [multi-milestone] Next milestone: v0.3.0 (Advanced Workflows)
[2026-03-02T16:04:12.668Z] [multi-milestone] [dry-run] Would create new milestone: v0.3.0
[2026-03-02T16:04:12.668Z] [multi-milestone] Milestone 10/10: v0.3.0 (TypeScript Migration & Refactoring - Phases 58-65)
[2026-03-02T16:04:12.669Z] [multi-milestone] v0.3.0: all phases already complete
[2026-03-02T16:04:12.670Z] [multi-milestone] v0.3.0: milestone complete
[2026-03-02T16:04:12.670Z] [multi-milestone] v0.3.0: [dry-run] would complete milestone
[2026-03-02T16:04:12.670Z] [multi-milestone] Next milestone: v0.3.0 (Advanced Workflows)
[2026-03-02T16:04:12.670Z] [multi-milestone] [dry-run] Would create new milestone: v0.3.0
[2026-03-02T16:04:12.670Z] [multi-milestone] Reached maxMilestones cap (10)
[2026-03-02T16:04:12.670Z] [multi-milestone] Multi-milestone autopilot done: 10/10 milestones completed (stopped: Reached maxMilestones cap (10))
[2026-03-02T16:05:37.315Z] [multi-milestone] Starting multi-milestone autopilot (max: 2, dryRun: true)
[2026-03-02T16:05:37.317Z] [multi-milestone] Milestone 1/2: v0.3.0 (TypeScript Migration & Refactoring - Phases 58-65)
[2026-03-02T16:05:37.319Z] [multi-milestone] v0.3.0: all phases already complete
[2026-03-02T16:05:37.319Z] [multi-milestone] v0.3.0: milestone complete
[2026-03-02T16:05:37.319Z] [multi-milestone] v0.3.0: [dry-run] would complete milestone
[2026-03-02T16:05:37.320Z] [multi-milestone] Next milestone: v0.3.0 (Advanced Workflows)
[2026-03-02T16:05:37.320Z] [multi-milestone] [dry-run] Would create new milestone: v0.3.0
[2026-03-02T16:05:37.320Z] [multi-milestone] Milestone 2/2: v0.3.0 (TypeScript Migration & Refactoring - Phases 58-65)
[2026-03-02T16:05:37.321Z] [multi-milestone] v0.3.0: all phases already complete
[2026-03-02T16:05:37.321Z] [multi-milestone] v0.3.0: milestone complete
[2026-03-02T16:05:37.321Z] [multi-milestone] v0.3.0: [dry-run] would complete milestone
[2026-03-02T16:05:37.321Z] [multi-milestone] Next milestone: v0.3.0 (Advanced Workflows)
[2026-03-02T16:05:37.321Z] [multi-milestone] [dry-run] Would create new milestone: v0.3.0
[2026-03-02T16:05:37.321Z] [multi-milestone] Reached maxMilestones cap (2)
[2026-03-02T16:05:37.321Z] [multi-milestone] Multi-milestone autopilot done: 2/2 milestones completed (stopped: Reached maxMilestones cap (2))
[2026-03-02T16:05:38.114Z] [multi-milestone] Starting multi-milestone autopilot (max: 2, dryRun: true)
[2026-03-02T16:05:38.116Z] [multi-milestone] Milestone 1/2: v0.3.0 (TypeScript Migration & Refactoring - Phases 58-65)
[2026-03-02T16:05:38.118Z] [multi-milestone] v0.3.0: all phases already complete
[2026-03-02T16:05:38.119Z] [multi-milestone] v0.3.0: milestone complete
[2026-03-02T16:05:38.120Z] [multi-milestone] v0.3.0: [dry-run] would complete milestone
[2026-03-02T16:05:38.120Z] [multi-milestone] Next milestone: v0.3.0 (Advanced Workflows)
[2026-03-02T16:05:38.120Z] [multi-milestone] [dry-run] Would create new milestone: v0.3.0
[2026-03-02T16:05:38.121Z] [multi-milestone] Milestone 2/2: v0.3.0 (TypeScript Migration & Refactoring - Phases 58-65)
[2026-03-02T16:05:38.121Z] [multi-milestone] v0.3.0: all phases already complete
[2026-03-02T16:05:38.122Z] [multi-milestone] v0.3.0: milestone complete
[2026-03-02T16:05:38.122Z] [multi-milestone] v0.3.0: [dry-run] would complete milestone
[2026-03-02T16:05:38.122Z] [multi-milestone] Next milestone: v0.3.0 (Advanced Workflows)
[2026-03-02T16:05:38.122Z] [multi-milestone] [dry-run] Would create new milestone: v0.3.0
[2026-03-02T16:05:38.122Z] [multi-milestone] Reached maxMilestones cap (2)
[2026-03-02T16:05:38.122Z] [multi-milestone] Multi-milestone autopilot done: 2/2 milestones completed (stopped: Reached maxMilestones cap (2))
[2026-03-02T16:08:49.339Z] Phase 66: execute completed
[2026-03-02T16:08:49.340Z] Done: 1/1 phases completed
[2026-03-02T16:45:03.387Z] Starting autopilot: 1 phase(s) in 1 wave(s)
[2026-03-02T16:45:03.388Z] Wave 1/1: phases [67]
[2026-03-02T16:45:03.388Z] Phase 67: planning...
[2026-03-02T17:11:17.248Z] Phase 67: plan completed
[2026-03-02T17:11:17.248Z] Phase 67: executing...
[2026-03-02T17:57:04.736Z] Phase 67: execute completed
[2026-03-02T17:57:04.737Z] Done: 1/1 phases completed
[2026-03-02T18:04:17.748Z] Starting autopilot: 1 phase(s) in 1 wave(s)
[2026-03-02T18:04:17.748Z] Wave 1/1: phases [68]
[2026-03-02T18:04:17.748Z] Phase 68: planning...
[2026-03-02T18:31:24.159Z] Phase 68: plan completed
[2026-03-02T18:31:24.159Z] Phase 68: executing...
[2026-03-02T19:28:43.325Z] Phase 68: execute completed
[2026-03-02T19:28:43.325Z] Done: 1/1 phases completed
[2026-03-10T10:45:48.757Z] Starting autopilot: 2 phase(s) in 1 wave(s)
[2026-03-10T10:45:48.758Z] Wave 1/1: phases [69, 70]
[2026-03-10T10:45:48.758Z] Phase 69: planning...
[2026-03-10T10:45:48.762Z] Phase 70: planning...
[2026-03-10T10:53:25.028Z] Phase 69: plan completed
[2026-03-10T10:56:04.043Z] Phase 70: plan completed
[2026-03-10T10:56:04.044Z] Phase 69: executing...
[2026-03-10T11:06:59.325Z] Phase 69: execute completed
[2026-03-10T11:06:59.326Z] Phase 70: executing...
[2026-03-10T11:24:52.879Z] Phase 70: execute completed
[2026-03-10T11:24:52.880Z] Done: 2/2 phases completed
